library/build/outputs/logs/manifest-merger-debug-report.txt
-- Merging decision tree log ---
manifest
ADDED from src/main/AndroidManifest.xml:1:1-17:12
INJECTED from src/main/AndroidManifest.xml:1:1-17:12
INJECTED from src/main/AndroidManifest.xml:1:1-17:12
INJECTED from src/main/AndroidManifest.xml:1:1-17:12
INJECTED from src/main/AndroidManifest.xml:1:1-17:12
INJECTED from src/main/AndroidManifest.xml:1:1-17:12
INJECTED from src/main/AndroidManifest.xml:1:1-17:12
	package
		ADDED from src/main/AndroidManifest.xml:3:5-34
		INJECTED from src/main/AndroidManifest.xml
		INJECTED from src/main/AndroidManifest.xml
	android:versionName
		INJECTED from src/main/AndroidManifest.xml
		ADDED from src/main/AndroidManifest.xml:1:1-17:12
		INJECTED from src/main/AndroidManifest.xml
	xmlns:tools
		ADDED from src/main/AndroidManifest.xml:2:5-51
	android:versionCode
		INJECTED from src/main/AndroidManifest.xml
		ADDED from src/main/AndroidManifest.xml:1:1-17:12
		INJECTED from src/main/AndroidManifest.xml
	xmlns:android
		ADDED from src/main/AndroidManifest.xml:1:11-69
uses-permission#android.permission.WRITE_EXTERNAL_STORAGE
ADDED from src/main/AndroidManifest.xml:5:5-81
	android:name
		ADDED from src/main/AndroidManifest.xml:5:22-78
uses-permission#android.permission.READ_EXTERNAL_STORAGE
ADDED from src/main/AndroidManifest.xml:6:5-80
	android:name
		ADDED from src/main/AndroidManifest.xml:6:22-77
uses-permission#android.permission.INTERNAL_SYSTEM_WINDOW
ADDED from src/main/AndroidManifest.xml:7:5-9:47
	tools:ignore
		ADDED from src/main/AndroidManifest.xml:9:9-44
	android:name
		ADDED from src/main/AndroidManifest.xml:8:9-65
application
ADDED from src/main/AndroidManifest.xml:11:5-15:19
	android:supportsRtl
		ADDED from src/main/AndroidManifest.xml:13:9-35
	android:allowBackup
		ADDED from src/main/AndroidManifest.xml:12:9-35
activity#com.example.library.permission.PermissionActivity
ADDED from src/main/AndroidManifest.xml:14:9-76
	android:name
		ADDED from src/main/AndroidManifest.xml:14:19-64
uses-sdk
INJECTED from src/main/AndroidManifest.xml reason: use-sdk injection requested
INJECTED from src/main/AndroidManifest.xml
INJECTED from src/main/AndroidManifest.xml
INJECTED from src/main/AndroidManifest.xml
INJECTED from src/main/AndroidManifest.xml
	android:targetSdkVersion
		INJECTED from src/main/AndroidManifest.xml
		ADDED from src/main/AndroidManifest.xml
		INJECTED from src/main/AndroidManifest.xml
	android:minSdkVersion
		INJECTED from src/main/AndroidManifest.xml
		ADDED from src/main/AndroidManifest.xml
		INJECTED from src/main/AndroidManifest.xml